<?xml version="1.0" encoding="UTF-8"?>
<!-- Generated by org.testng.reporters.JUnitReportReporter -->
<testsuite hostname="MUM01L00506" failures="0" tests="5" name="spotify.oauth.test.PlayListTest" time="2.427" errors="0" timestamp="2022-12-16T01:06:27 IST" skipped="4">
  <testcase classname="spotify.oauth.test.PlayListTest" name="Playlist_With_Invalid_AccessToken_Validation" time="2.427"/>
  <system-out/>
  <testcase classname="spotify.oauth.test.PlayListTest" name="createPlaylist">
    <skipped/>
  </testcase> <!-- createPlaylist -->
  <system-out/>
  <testcase classname="spotify.oauth.test.PlayListTest" name="getPlaylist">
    <skipped/>
  </testcase> <!-- getPlaylist -->
  <system-out/>
  <testcase classname="spotify.oauth.test.PlayListTest" name="addTracksInPlaylist">
    <skipped/>
  </testcase> <!-- addTracksInPlaylist -->
  <system-out/>
  <testcase classname="spotify.oauth.test.PlayListTest" name="UpdatePlaylist">
    <skipped/>
  </testcase> <!-- UpdatePlaylist -->
  <system-out/>
</testsuite> <!-- spotify.oauth.test.PlayListTest -->
